# JRE version: OpenJDK Runtime Environment (17.0.1+12) (build 17.0.1+12-39)
# Java VM: OpenJDK 64-Bit Server VM (17.0.1+12-39, mixed mode, sharing, tiered, compressed oops, compressed class ptrs, g1 gc, windows-amd64)
GC Precious Log:
 CPUs: 8 total, 8 available
 Memory: 7948M
 Large Page Support: Disabled
 NUMA Support: Disabled
 Compressed Oops: Enabled (32-bit)
 Heap Region Size: 1M
 Heap Min Capacity: 256M
 Heap Initial Capacity: 256M
 Heap Max Capacity: 512M
 Pre-touch: Disabled
 Parallel Workers: 8
 Concurrent Workers: 2
 Concurrent Refinement Workers: 8
 Periodic GC: Disabled
Heap:
 garbage-first heap   total 262144K, used 190707K [0x00000000e0000000, 0x0000000100000000)
  region size 1024K, 120 young (122880K), 6 survivors (6144K)
 Metaspace       used 94913K, committed 96384K, reserved 303104K
  class space    used 11945K, committed 12544K, reserved 212992K
GC Heap History (20 events):
Event: 118.235 GC heap before
{Heap before GC invocations=15 (full 0):
 garbage-first heap   total 262144K, used 200136K [0x00000000e0000000, 0x0000000100000000)
  region size 1024K, 142 young (145408K), 4 survivors (4096K)
 Metaspace       used 73863K, committed 75008K, reserved 278528K
  class space    used 9780K, committed 10240K, reserved 212992K
}
Event: 118.249 GC heap after
{Heap after GC invocations=16 (full 0):
 garbage-first heap   total 262144K, used 68065K [0x00000000e0000000, 0x0000000100000000)
  region size 1024K, 12 young (12288K), 12 survivors (12288K)
 Metaspace       used 73863K, committed 75008K, reserved 278528K
  class space    used 9780K, committed 10240K, reserved 212992K
}
Event: 143.909 GC heap before
{Heap before GC invocations=16 (full 0):
 garbage-first heap   total 262144K, used 202209K [0x00000000e0000000, 0x0000000100000000)
  region size 1024K, 144 young (147456K), 12 survivors (12288K)
 Metaspace       used 76595K, committed 77760K, reserved 286720K
  class space    used 10045K, committed 10560K, reserved 212992K
}
Event: 143.919 GC heap after
{Heap after GC invocations=17 (full 0):
 garbage-first heap   total 262144K, used 70381K [0x00000000e0000000, 0x0000000100000000)
  region size 1024K, 11 young (11264K), 11 survivors (11264K)
 Metaspace       used 76595K, committed 77760K, reserved 286720K
  class space    used 10045K, committed 10560K, reserved 212992K
}
Event: 2277.902 GC heap before
{Heap before GC invocations=17 (full 0):
 garbage-first heap   total 262144K, used 203501K [0x00000000e0000000, 0x0000000100000000)
  region size 1024K, 142 young (145408K), 11 survivors (11264K)
 Metaspace       used 78587K, committed 79744K, reserved 286720K
  class space    used 10216K, committed 10688K, reserved 212992K
}
Event: 2277.913 GC heap after
{Heap after GC invocations=18 (full 0):
 garbage-first heap   total 262144K, used 70855K [0x00000000e0000000, 0x0000000100000000)
  region size 1024K, 9 young (9216K), 9 survivors (9216K)
 Metaspace       used 78587K, committed 79744K, reserved 286720K
  class space    used 10216K, committed 10688K, reserved 212992K
}
Event: 2280.334 GC heap before
{Heap before GC invocations=18 (full 0):
 garbage-first heap   total 262144K, used 203975K [0x00000000e0000000, 0x0000000100000000)
  region size 1024K, 140 young (143360K), 9 survivors (9216K)
 Metaspace       used 81595K, committed 82880K, reserved 286720K
  class space    used 10530K, committed 11072K, reserved 212992K
}
Event: 2280.340 GC heap after
{Heap after GC invocations=19 (full 0):
 garbage-first heap   total 262144K, used 71308K [0x00000000e0000000, 0x0000000100000000)
  region size 1024K, 10 young (10240K), 10 survivors (10240K)
 Metaspace       used 81595K, committed 82880K, reserved 286720K
  class space    used 10530K, committed 11072K, reserved 212992K
}
Event: 2488.231 GC heap before
{Heap before GC invocations=19 (full 0):
 garbage-first heap   total 262144K, used 205452K [0x00000000e0000000, 0x0000000100000000)
  region size 1024K, 142 young (145408K), 10 survivors (10240K)
 Metaspace       used 83670K, committed 84992K, reserved 294912K
  class space    used 10730K, committed 11264K, reserved 212992K
}
Event: 2488.239 GC heap after
{Heap after GC invocations=20 (full 0):
 garbage-first heap   total 262144K, used 69625K [0x00000000e0000000, 0x0000000100000000)
  region size 1024K, 8 young (8192K), 8 survivors (8192K)
 Metaspace       used 83670K, committed 84992K, reserved 294912K
  class space    used 10730K, committed 11264K, reserved 212992K
}
Event: 3465.105 GC heap before
{Heap before GC invocations=20 (full 0):
 garbage-first heap   total 262144K, used 206841K [0x00000000e0000000, 0x0000000100000000)
  region size 1024K, 143 young (146432K), 8 survivors (8192K)
 Metaspace       used 85528K, committed 86848K, reserved 294912K
  class space    used 10931K, committed 11456K, reserved 212992K
}
Event: 3465.115 GC heap after
{Heap after GC invocations=21 (full 0):
 garbage-first heap   total 262144K, used 73852K [0x00000000e0000000, 0x0000000100000000)
  region size 1024K, 12 young (12288K), 12 survivors (12288K)
 Metaspace       used 85528K, committed 86848K, reserved 294912K
  class space    used 10931K, committed 11456K, reserved 212992K
}
Event: 3603.360 GC heap before
{Heap before GC invocations=21 (full 0):
 garbage-first heap   total 262144K, used 205948K [0x00000000e0000000, 0x0000000100000000)
  region size 1024K, 142 young (145408K), 12 survivors (12288K)
 Metaspace       used 87498K, committed 88832K, reserved 294912K
  class space    used 11138K, committed 11712K, reserved 212992K
}
Event: 3603.370 GC heap after
{Heap after GC invocations=22 (full 0):
 garbage-first heap   total 262144K, used 75129K [0x00000000e0000000, 0x0000000100000000)
  region size 1024K, 7 young (7168K), 7 survivors (7168K)
 Metaspace       used 87498K, committed 88832K, reserved 294912K
  class space    used 11138K, committed 11712K, reserved 212992K
}
Event: 4033.472 GC heap before
{Heap before GC invocations=22 (full 0):
 garbage-first heap   total 262144K, used 207225K [0x00000000e0000000, 0x0000000100000000)
  region size 1024K, 137 young (140288K), 7 survivors (7168K)
 Metaspace       used 90254K, committed 91712K, reserved 294912K
  class space    used 11440K, committed 12032K, reserved 212992K
}
Event: 4033.480 GC heap after
{Heap after GC invocations=23 (full 0):
 garbage-first heap   total 262144K, used 78906K [0x00000000e0000000, 0x0000000100000000)
  region size 1024K, 11 young (11264K), 11 survivors (11264K)
 Metaspace       used 90254K, committed 91712K, reserved 294912K
  class space    used 11440K, committed 12032K, reserved 212992K
}
Event: 6189.933 GC heap before
{Heap before GC invocations=23 (full 0):
 garbage-first heap   total 262144K, used 204858K [0x00000000e0000000, 0x0000000100000000)
  region size 1024K, 135 young (138240K), 11 survivors (11264K)
 Metaspace       used 91209K, committed 92608K, reserved 294912K
  class space    used 11531K, committed 12096K, reserved 212992K
}
Event: 6189.941 GC heap after
{Heap after GC invocations=24 (full 0):
 garbage-first heap   total 262144K, used 75820K [0x00000000e0000000, 0x0000000100000000)
  region size 1024K, 6 young (6144K), 6 survivors (6144K)
 Metaspace       used 91209K, committed 92608K, reserved 294912K
  class space    used 11531K, committed 12096K, reserved 212992K
}
Event: 6306.950 GC heap before
{Heap before GC invocations=24 (full 0):
 garbage-first heap   total 262144K, used 206892K [0x00000000e0000000, 0x0000000100000000)
  region size 1024K, 135 young (138240K), 6 survivors (6144K)
 Metaspace       used 93137K, committed 94592K, reserved 303104K
  class space    used 11748K, committed 12352K, reserved 212992K
}
Event: 6306.980 GC heap after
{Heap after GC invocations=25 (full 0):
 garbage-first heap   total 262144K, used 76019K [0x00000000e0000000, 0x0000000100000000)
  region size 1024K, 6 young (6144K), 6 survivors (6144K)
 Metaspace       used 93137K, committed 94592K, reserved 303104K
  class space    used 11748K, committed 12352K, reserved 212992K
}

